This file contains any messages produced by compilers while
running configure, to aid debugging if configure makes a mistake.

It was created by typespeed configure 0.6.5, which was
generated by GNU Autoconf 2.62.  Invocation command line was

  $ ./configure 

## --------- ##
## Platform. ##
## --------- ##

hostname = xusr
uname -m = x86_64
uname -r = 21.6.0
uname -s = Darwin
uname -v = Darwin Kernel Version 21.6.0: Mon Aug 22 20:17:10 PDT 2022; root:xnu-8020.140.49~2/RELEASE_X86_64

/usr/bin/uname -p = i386
/bin/uname -X     = unknown

/bin/arch              = unknown
/usr/bin/arch -k       = unknown
/usr/convex/getsysinfo = unknown
/usr/bin/hostinfo      = Mach kernel version:
	 Darwin Kernel Version 21.6.0: Mon Aug 22 20:17:10 PDT 2022; root:xnu-8020.140.49~2/RELEASE_X86_64
Kernel configured for up to 12 processors.
6 processors are physically available.
12 processors are logically available.
Processor type: x86_64h (Intel x86-64h Haswell)
Processors active: 0 1 2 3 4 5 6 7 8 9 10 11
Primary memory available: 8.00 gigabytes
Default processor set: 478 tasks, 2227 threads, 12 processors
Load average: 2.58, Mach factor: 9.41
/bin/machine           = unknown
/usr/bin/oslevel       = unknown
/bin/universe          = unknown

PATH: /Users/xusr/go/bin
PATH: /Users/xusr/.local/go/bin
PATH: /Users/xusr/.local/n/bin
PATH: /Users/xusr/.local/bin
PATH: /Users/xusr/.local/scripts
PATH: /usr/local/bin
PATH: /usr/bin
PATH: /bin
PATH: /usr/sbin
PATH: /sbin
PATH: /opt/X11/bin
PATH: /Users/xusr/go/bin
PATH: /Users/xusr/.local/go/bin
PATH: /Users/xusr/.local/n/bin
PATH: /Users/xusr/.local/bin
PATH: /Users/xusr/.local/scripts
PATH: /Users/xusr/.nvm/versions/node/v16.17.1/bin


## ----------- ##
## Core tests. ##
## ----------- ##

configure:1918: checking for a BSD-compatible install
configure:1986: result: /usr/local/bin/ginstall -c
configure:1997: checking whether build environment is sane
configure:2040: result: yes
configure:2065: checking for a thread-safe mkdir -p
configure:2104: result: /usr/local/bin/gmkdir -p
configure:2117: checking for gawk
configure:2147: result: no
configure:2117: checking for mawk
configure:2147: result: no
configure:2117: checking for nawk
configure:2147: result: no
configure:2117: checking for awk
configure:2133: found /usr/local/bin/awk
configure:2144: result: awk
configure:2155: checking whether make sets $(MAKE)
configure:2177: result: yes
configure:2415: checking for gcc
configure:2431: found /usr/bin/gcc
configure:2442: result: gcc
configure:2680: checking for C compiler version
configure:2688: gcc --version >&5
Apple clang version 14.0.0 (clang-1400.0.29.102)
Target: x86_64-apple-darwin21.6.0
Thread model: posix
InstalledDir: /Library/Developer/CommandLineTools/usr/bin
configure:2692: $? = 0
configure:2699: gcc -v >&5
Apple clang version 14.0.0 (clang-1400.0.29.102)
Target: x86_64-apple-darwin21.6.0
Thread model: posix
InstalledDir: /Library/Developer/CommandLineTools/usr/bin
configure:2703: $? = 0
configure:2710: gcc -V >&5
clang: error: argument to '-V' is missing (expected 1 value)
clang: error: no input files
configure:2714: $? = 1
configure:2737: checking for C compiler default output file name
configure:2759: gcc    conftest.c  >&5
configure:2763: $? = 0
configure:2801: result: a.out
configure:2818: checking whether the C compiler works
configure:2828: ./a.out
configure:2832: $? = 0
configure:2849: result: yes
configure:2856: checking whether we are cross compiling
configure:2858: result: no
configure:2861: checking for suffix of executables
configure:2868: gcc -o conftest    conftest.c  >&5
configure:2872: $? = 0
configure:2896: result: 
configure:2902: checking for suffix of object files
configure:2928: gcc -c   conftest.c >&5
configure:2932: $? = 0
configure:2955: result: o
configure:2959: checking whether we are using the GNU C compiler
configure:2988: gcc -c   conftest.c >&5
configure:2995: $? = 0
configure:3012: result: yes
configure:3021: checking whether gcc accepts -g
configure:3051: gcc -c -g  conftest.c >&5
configure:3058: $? = 0
configure:3159: result: yes
configure:3176: checking for gcc option to accept ISO C89
configure:3250: gcc  -c -g -O2  conftest.c >&5
configure:3257: $? = 0
configure:3280: result: none needed
configure:3309: checking for style of include used by make
configure:3337: result: GNU
configure:3362: checking dependency style of gcc
configure:3453: result: gcc3
configure:3469: checking whether gcc and cc understand -c and -o together
configure:3504: gcc -c conftest.c -o conftest2.o >&5
configure:3508: $? = 0
configure:3514: gcc -c conftest.c -o conftest2.o >&5
configure:3518: $? = 0
configure:3529: cc -c conftest.c >&5
configure:3533: $? = 0
configure:3541: cc -c conftest.c -o conftest2.o >&5
configure:3545: $? = 0
configure:3551: cc -c conftest.c -o conftest2.o >&5
configure:3555: $? = 0
configure:3573: result: yes
configure:3613: checking for a BSD-compatible install
configure:3681: result: /usr/local/bin/ginstall -c
configure:3692: checking whether make sets $(MAKE)
configure:3714: result: yes
configure:3729: checking how to run the C preprocessor
configure:3769: gcc -E  conftest.c
configure:3776: $? = 0
configure:3807: gcc -E  conftest.c
conftest.c:10:10: fatal error: 'ac_nonexistent.h' file not found
#include <ac_nonexistent.h>
         ^~~~~~~~~~~~~~~~~~
1 error generated.
configure:3814: $? = 1
configure: failed program was:
| /* confdefs.h.  */
| #define PACKAGE_NAME "typespeed"
| #define PACKAGE_TARNAME "typespeed"
| #define PACKAGE_VERSION "0.6.5"
| #define PACKAGE_STRING "typespeed 0.6.5"
| #define PACKAGE_BUGREPORT "tobias@bugol.de"
| #define PACKAGE "typespeed"
| #define VERSION "0.6.5"
| /* end confdefs.h.  */
| #include <ac_nonexistent.h>
configure:3847: result: gcc -E
configure:3876: gcc -E  conftest.c
configure:3883: $? = 0
configure:3914: gcc -E  conftest.c
conftest.c:10:10: fatal error: 'ac_nonexistent.h' file not found
#include <ac_nonexistent.h>
         ^~~~~~~~~~~~~~~~~~
1 error generated.
configure:3921: $? = 1
configure: failed program was:
| /* confdefs.h.  */
| #define PACKAGE_NAME "typespeed"
| #define PACKAGE_TARNAME "typespeed"
| #define PACKAGE_VERSION "0.6.5"
| #define PACKAGE_STRING "typespeed 0.6.5"
| #define PACKAGE_BUGREPORT "tobias@bugol.de"
| #define PACKAGE "typespeed"
| #define VERSION "0.6.5"
| /* end confdefs.h.  */
| #include <ac_nonexistent.h>
configure:3959: checking for grep that handles long lines and -e
configure:4019: result: /usr/local/bin/ggrep
configure:4024: checking for egrep
configure:4088: result: /usr/local/bin/ggrep -E
configure:4093: checking for ANSI C header files
configure:4123: gcc -c -g -O2  conftest.c >&5
configure:4130: $? = 0
configure:4229: gcc -o conftest -g -O2   conftest.c  >&5
configure:4233: $? = 0
configure:4239: ./conftest
configure:4243: $? = 0
configure:4261: result: yes
configure:4285: checking for sys/types.h
configure:4306: gcc -c -g -O2  conftest.c >&5
configure:4313: $? = 0
configure:4330: result: yes
configure:4285: checking for sys/stat.h
configure:4306: gcc -c -g -O2  conftest.c >&5
configure:4313: $? = 0
configure:4330: result: yes
configure:4285: checking for stdlib.h
configure:4306: gcc -c -g -O2  conftest.c >&5
configure:4313: $? = 0
configure:4330: result: yes
configure:4285: checking for string.h
configure:4306: gcc -c -g -O2  conftest.c >&5
configure:4313: $? = 0
configure:4330: result: yes
configure:4285: checking for memory.h
configure:4306: gcc -c -g -O2  conftest.c >&5
configure:4313: $? = 0
configure:4330: result: yes
configure:4285: checking for strings.h
configure:4306: gcc -c -g -O2  conftest.c >&5
configure:4313: $? = 0
configure:4330: result: yes
configure:4285: checking for inttypes.h
configure:4306: gcc -c -g -O2  conftest.c >&5
configure:4313: $? = 0
configure:4330: result: yes
configure:4285: checking for stdint.h
configure:4306: gcc -c -g -O2  conftest.c >&5
configure:4313: $? = 0
configure:4330: result: yes
configure:4285: checking for unistd.h
configure:4306: gcc -c -g -O2  conftest.c >&5
configure:4313: $? = 0
configure:4330: result: yes
configure:4354: checking minix/config.h usability
configure:4371: gcc -c -g -O2  conftest.c >&5
conftest.c:53:10: fatal error: 'minix/config.h' file not found
#include <minix/config.h>
         ^~~~~~~~~~~~~~~~
1 error generated.
configure:4378: $? = 1
configure: failed program was:
| /* confdefs.h.  */
| #define PACKAGE_NAME "typespeed"
| #define PACKAGE_TARNAME "typespeed"
| #define PACKAGE_VERSION "0.6.5"
| #define PACKAGE_STRING "typespeed 0.6.5"
| #define PACKAGE_BUGREPORT "tobias@bugol.de"
| #define PACKAGE "typespeed"
| #define VERSION "0.6.5"
| #define STDC_HEADERS 1
| #define HAVE_SYS_TYPES_H 1
| #define HAVE_SYS_STAT_H 1
| #define HAVE_STDLIB_H 1
| #define HAVE_STRING_H 1
| #define HAVE_MEMORY_H 1
| #define HAVE_STRINGS_H 1
| #define HAVE_INTTYPES_H 1
| #define HAVE_STDINT_H 1
| #define HAVE_UNISTD_H 1
| /* end confdefs.h.  */
| #include <stdio.h>
| #ifdef HAVE_SYS_TYPES_H
| # include <sys/types.h>
| #endif
| #ifdef HAVE_SYS_STAT_H
| # include <sys/stat.h>
| #endif
| #ifdef STDC_HEADERS
| # include <stdlib.h>
| # include <stddef.h>
| #else
| # ifdef HAVE_STDLIB_H
| #  include <stdlib.h>
| # endif
| #endif
| #ifdef HAVE_STRING_H
| # if !defined STDC_HEADERS && defined HAVE_MEMORY_H
| #  include <memory.h>
| # endif
| # include <string.h>
| #endif
| #ifdef HAVE_STRINGS_H
| # include <strings.h>
| #endif
| #ifdef HAVE_INTTYPES_H
| # include <inttypes.h>
| #endif
| #ifdef HAVE_STDINT_H
| # include <stdint.h>
| #endif
| #ifdef HAVE_UNISTD_H
| # include <unistd.h>
| #endif
| #include <minix/config.h>
configure:4392: result: no
configure:4396: checking minix/config.h presence
configure:4411: gcc -E  conftest.c
conftest.c:20:10: fatal error: 'minix/config.h' file not found
#include <minix/config.h>
         ^~~~~~~~~~~~~~~~
1 error generated.
configure:4418: $? = 1
configure: failed program was:
| /* confdefs.h.  */
| #define PACKAGE_NAME "typespeed"
| #define PACKAGE_TARNAME "typespeed"
| #define PACKAGE_VERSION "0.6.5"
| #define PACKAGE_STRING "typespeed 0.6.5"
| #define PACKAGE_BUGREPORT "tobias@bugol.de"
| #define PACKAGE "typespeed"
| #define VERSION "0.6.5"
| #define STDC_HEADERS 1
| #define HAVE_SYS_TYPES_H 1
| #define HAVE_SYS_STAT_H 1
| #define HAVE_STDLIB_H 1
| #define HAVE_STRING_H 1
| #define HAVE_MEMORY_H 1
| #define HAVE_STRINGS_H 1
| #define HAVE_INTTYPES_H 1
| #define HAVE_STDINT_H 1
| #define HAVE_UNISTD_H 1
| /* end confdefs.h.  */
| #include <minix/config.h>
configure:4432: result: no
configure:4465: checking for minix/config.h
configure:4472: result: no
configure:4503: checking whether it is safe to define __EXTENSIONS__
configure:4531: gcc -c -g -O2  conftest.c >&5
configure:4538: $? = 0
configure:4553: result: yes
configure:4580: checking for initscr in -lncurses
configure:4615: gcc -o conftest -g -O2   conftest.c -lncurses   >&5
configure:4622: $? = 0
configure:4643: result: yes
configure:4658: checking whether NLS is requested
configure:4667: result: yes
configure:4705: checking for msgfmt
configure: trying /usr/local/bin/msgfmt...
0 translated messages.
configure:4737: result: /usr/local/bin/msgfmt
configure:4746: checking for gmsgfmt
configure:4777: result: /usr/local/bin/msgfmt
configure:4828: checking for xgettext
configure: trying /usr/local/bin/xgettext...
/usr/local/bin/xgettext: warning: file '/dev/null' extension '' is unknown; will try C
configure:4860: result: /usr/local/bin/xgettext
configure:4906: checking for msgmerge
configure: trying /usr/local/bin/msgmerge...
configure:4937: result: /usr/local/bin/msgmerge
configure:4973: checking build system type
configure:4991: result: i386-apple-darwin21.6.0
configure:5013: checking host system type
configure:5028: result: i386-apple-darwin21.6.0
configure:5074: checking for ld used by GCC
configure:5138: result: /Library/Developer/CommandLineTools/usr/bin/ld
configure:5147: checking if the linker (/Library/Developer/CommandLineTools/usr/bin/ld) is GNU ld
configure:5160: result: no
configure:5167: checking for shared library run path origin
configure:5180: result: done
configure:5637: checking for CFPreferencesCopyAppValue
configure:5665: gcc -o conftest -g -O2   conftest.c -lncurses  -Wl,-framework -Wl,CoreFoundation >&5
conftest.c:30:37: warning: null passed to a callee that requires a non-null argument [-Wnonnull]
CFPreferencesCopyAppValue(NULL, NULL)
                          ~~~~      ^
conftest.c:30:37: warning: null passed to a callee that requires a non-null argument [-Wnonnull]
CFPreferencesCopyAppValue(NULL, NULL)
                                ~~~~^
2 warnings generated.
configure:5672: $? = 0
configure:5693: result: yes
configure:5702: checking for CFLocaleCopyCurrent
configure:5730: gcc -o conftest -g -O2   conftest.c -lncurses  -Wl,-framework -Wl,CoreFoundation >&5
configure:5737: $? = 0
configure:5758: result: yes
configure:5809: checking for GNU gettext in libc
configure:5839: gcc -o conftest -g -O2   conftest.c -lncurses  >&5
Undefined symbols for architecture x86_64:
  "__nl_domain_bindings", referenced from:
      _main in conftest-902a3d.o
  "__nl_msg_cat_cntr", referenced from:
      _main in conftest-902a3d.o
  "_libintl_bindtextdomain", referenced from:
      _main in conftest-902a3d.o
  "_libintl_gettext", referenced from:
      _main in conftest-902a3d.o
ld: symbol(s) not found for architecture x86_64
clang: error: linker command failed with exit code 1 (use -v to see invocation)
configure:5846: $? = 1
configure: failed program was:
| /* confdefs.h.  */
| #define PACKAGE_NAME "typespeed"
| #define PACKAGE_TARNAME "typespeed"
| #define PACKAGE_VERSION "0.6.5"
| #define PACKAGE_STRING "typespeed 0.6.5"
| #define PACKAGE_BUGREPORT "tobias@bugol.de"
| #define PACKAGE "typespeed"
| #define VERSION "0.6.5"
| #define STDC_HEADERS 1
| #define HAVE_SYS_TYPES_H 1
| #define HAVE_SYS_STAT_H 1
| #define HAVE_STDLIB_H 1
| #define HAVE_STRING_H 1
| #define HAVE_MEMORY_H 1
| #define HAVE_STRINGS_H 1
| #define HAVE_INTTYPES_H 1
| #define HAVE_STDINT_H 1
| #define HAVE_UNISTD_H 1
| #define __EXTENSIONS__ 1
| #define _ALL_SOURCE 1
| #define _GNU_SOURCE 1
| #define _POSIX_PTHREAD_SEMANTICS 1
| #define _TANDEM_SOURCE 1
| #define HAVE_LIBNCURSES 1
| #define HAVE_CFPREFERENCESCOPYAPPVALUE 1
| #define HAVE_CFLOCALECOPYCURRENT 1
| /* end confdefs.h.  */
| #include <libintl.h>
| 
| extern int _nl_msg_cat_cntr;
| extern int *_nl_domain_bindings;
| int
| main ()
| {
| bindtextdomain ("", "");
| return * gettext ("") + _nl_msg_cat_cntr + *_nl_domain_bindings
|   ;
|   return 0;
| }
configure:5868: result: no
configure:5902: checking for iconv
configure:5934: gcc -o conftest -g -O2   conftest.c -lncurses  >&5
Undefined symbols for architecture x86_64:
  "_iconv", referenced from:
      _main in conftest-075b8e.o
  "_iconv_close", referenced from:
      _main in conftest-075b8e.o
  "_iconv_open", referenced from:
      _main in conftest-075b8e.o
ld: symbol(s) not found for architecture x86_64
clang: error: linker command failed with exit code 1 (use -v to see invocation)
configure:5941: $? = 1
configure: failed program was:
| /* confdefs.h.  */
| #define PACKAGE_NAME "typespeed"
| #define PACKAGE_TARNAME "typespeed"
| #define PACKAGE_VERSION "0.6.5"
| #define PACKAGE_STRING "typespeed 0.6.5"
| #define PACKAGE_BUGREPORT "tobias@bugol.de"
| #define PACKAGE "typespeed"
| #define VERSION "0.6.5"
| #define STDC_HEADERS 1
| #define HAVE_SYS_TYPES_H 1
| #define HAVE_SYS_STAT_H 1
| #define HAVE_STDLIB_H 1
| #define HAVE_STRING_H 1
| #define HAVE_MEMORY_H 1
| #define HAVE_STRINGS_H 1
| #define HAVE_INTTYPES_H 1
| #define HAVE_STDINT_H 1
| #define HAVE_UNISTD_H 1
| #define __EXTENSIONS__ 1
| #define _ALL_SOURCE 1
| #define _GNU_SOURCE 1
| #define _POSIX_PTHREAD_SEMANTICS 1
| #define _TANDEM_SOURCE 1
| #define HAVE_LIBNCURSES 1
| #define HAVE_CFPREFERENCESCOPYAPPVALUE 1
| #define HAVE_CFLOCALECOPYCURRENT 1
| /* end confdefs.h.  */
| #include <stdlib.h>
| #include <iconv.h>
| int
| main ()
| {
| iconv_t cd = iconv_open("","");
|        iconv(cd,NULL,NULL,NULL,NULL);
|        iconv_close(cd);
|   ;
|   return 0;
| }
configure:5987: gcc -o conftest -g -O2   conftest.c -lncurses  -liconv >&5
configure:5994: $? = 0
configure:6018: result: yes
configure:6028: checking how to link with libiconv
configure:6030: result: -liconv
configure:6434: checking for GNU gettext in libintl
configure:6472: gcc -o conftest -g -O2  -I/usr/local/include  conftest.c -lncurses  -L/usr/local/lib -lintl >&5
configure:6479: $? = 0
configure:6564: result: yes
configure:6601: checking whether to use NLS
configure:6603: result: yes
configure:6606: checking where the gettext function comes from
configure:6617: result: external libintl
configure:6625: checking how to link with libintl
configure:6627: result: -L/usr/local/lib -lintl -Wl,-framework -Wl,CoreFoundation
configure:6688: checking for dirent.h that defines DIR
configure:6717: gcc -c -g -O2 -I/usr/local/include conftest.c >&5
configure:6724: $? = 0
configure:6741: result: yes
configure:6755: checking for library containing opendir
configure:6796: gcc -o conftest -g -O2 -I/usr/local/include  conftest.c -lncurses  >&5
configure:6803: $? = 0
configure:6834: result: none required
configure:6932: checking for ANSI C header files
configure:7100: result: yes
configure:7142: checking arpa/inet.h usability
configure:7159: gcc -c -g -O2 -I/usr/local/include conftest.c >&5
configure:7166: $? = 0
configure:7180: result: yes
configure:7184: checking arpa/inet.h presence
configure:7199: gcc -E -I/usr/local/include conftest.c
configure:7206: $? = 0
configure:7220: result: yes
configure:7253: checking for arpa/inet.h
configure:7262: result: yes
configure:7142: checking bits/posix1_lim.h usability
configure:7159: gcc -c -g -O2 -I/usr/local/include conftest.c >&5
conftest.c:68:10: fatal error: 'bits/posix1_lim.h' file not found
#include <bits/posix1_lim.h>
         ^~~~~~~~~~~~~~~~~~~
1 error generated.
configure:7166: $? = 1
configure: failed program was:
| /* confdefs.h.  */
| #define PACKAGE_NAME "typespeed"
| #define PACKAGE_TARNAME "typespeed"
| #define PACKAGE_VERSION "0.6.5"
| #define PACKAGE_STRING "typespeed 0.6.5"
| #define PACKAGE_BUGREPORT "tobias@bugol.de"
| #define PACKAGE "typespeed"
| #define VERSION "0.6.5"
| #define STDC_HEADERS 1
| #define HAVE_SYS_TYPES_H 1
| #define HAVE_SYS_STAT_H 1
| #define HAVE_STDLIB_H 1
| #define HAVE_STRING_H 1
| #define HAVE_MEMORY_H 1
| #define HAVE_STRINGS_H 1
| #define HAVE_INTTYPES_H 1
| #define HAVE_STDINT_H 1
| #define HAVE_UNISTD_H 1
| #define __EXTENSIONS__ 1
| #define _ALL_SOURCE 1
| #define _GNU_SOURCE 1
| #define _POSIX_PTHREAD_SEMANTICS 1
| #define _TANDEM_SOURCE 1
| #define HAVE_LIBNCURSES 1
| #define HAVE_CFPREFERENCESCOPYAPPVALUE 1
| #define HAVE_CFLOCALECOPYCURRENT 1
| #define HAVE_ICONV 1
| #define ENABLE_NLS 1
| #define HAVE_GETTEXT 1
| #define HAVE_DCGETTEXT 1
| #define HAVE_DIRENT_H 1
| #define STDC_HEADERS 1
| #define HAVE_ARPA_INET_H 1
| /* end confdefs.h.  */
| #include <stdio.h>
| #ifdef HAVE_SYS_TYPES_H
| # include <sys/types.h>
| #endif
| #ifdef HAVE_SYS_STAT_H
| # include <sys/stat.h>
| #endif
| #ifdef STDC_HEADERS
| # include <stdlib.h>
| # include <stddef.h>
| #else
| # ifdef HAVE_STDLIB_H
| #  include <stdlib.h>
| # endif
| #endif
| #ifdef HAVE_STRING_H
| # if !defined STDC_HEADERS && defined HAVE_MEMORY_H
| #  include <memory.h>
| # endif
| # include <string.h>
| #endif
| #ifdef HAVE_STRINGS_H
| # include <strings.h>
| #endif
| #ifdef HAVE_INTTYPES_H
| # include <inttypes.h>
| #endif
| #ifdef HAVE_STDINT_H
| # include <stdint.h>
| #endif
| #ifdef HAVE_UNISTD_H
| # include <unistd.h>
| #endif
| #include <bits/posix1_lim.h>
configure:7180: result: no
configure:7184: checking bits/posix1_lim.h presence
configure:7199: gcc -E -I/usr/local/include conftest.c
conftest.c:35:10: fatal error: 'bits/posix1_lim.h' file not found
#include <bits/posix1_lim.h>
         ^~~~~~~~~~~~~~~~~~~
1 error generated.
configure:7206: $? = 1
configure: failed program was:
| /* confdefs.h.  */
| #define PACKAGE_NAME "typespeed"
| #define PACKAGE_TARNAME "typespeed"
| #define PACKAGE_VERSION "0.6.5"
| #define PACKAGE_STRING "typespeed 0.6.5"
| #define PACKAGE_BUGREPORT "tobias@bugol.de"
| #define PACKAGE "typespeed"
| #define VERSION "0.6.5"
| #define STDC_HEADERS 1
| #define HAVE_SYS_TYPES_H 1
| #define HAVE_SYS_STAT_H 1
| #define HAVE_STDLIB_H 1
| #define HAVE_STRING_H 1
| #define HAVE_MEMORY_H 1
| #define HAVE_STRINGS_H 1
| #define HAVE_INTTYPES_H 1
| #define HAVE_STDINT_H 1
| #define HAVE_UNISTD_H 1
| #define __EXTENSIONS__ 1
| #define _ALL_SOURCE 1
| #define _GNU_SOURCE 1
| #define _POSIX_PTHREAD_SEMANTICS 1
| #define _TANDEM_SOURCE 1
| #define HAVE_LIBNCURSES 1
| #define HAVE_CFPREFERENCESCOPYAPPVALUE 1
| #define HAVE_CFLOCALECOPYCURRENT 1
| #define HAVE_ICONV 1
| #define ENABLE_NLS 1
| #define HAVE_GETTEXT 1
| #define HAVE_DCGETTEXT 1
| #define HAVE_DIRENT_H 1
| #define STDC_HEADERS 1
| #define HAVE_ARPA_INET_H 1
| /* end confdefs.h.  */
| #include <bits/posix1_lim.h>
configure:7220: result: no
configure:7253: checking for bits/posix1_lim.h
configure:7262: result: no
configure:7142: checking fcntl.h usability
configure:7159: gcc -c -g -O2 -I/usr/local/include conftest.c >&5
configure:7166: $? = 0
configure:7180: result: yes
configure:7184: checking fcntl.h presence
configure:7199: gcc -E -I/usr/local/include conftest.c
configure:7206: $? = 0
configure:7220: result: yes
configure:7253: checking for fcntl.h
configure:7262: result: yes
configure:7142: checking libintl.h usability
configure:7159: gcc -c -g -O2 -I/usr/local/include conftest.c >&5
configure:7166: $? = 0
configure:7180: result: yes
configure:7184: checking libintl.h presence
configure:7199: gcc -E -I/usr/local/include conftest.c
configure:7206: $? = 0
configure:7220: result: yes
configure:7253: checking for libintl.h
configure:7262: result: yes
configure:7142: checking limits.h usability
configure:7159: gcc -c -g -O2 -I/usr/local/include conftest.c >&5
configure:7166: $? = 0
configure:7180: result: yes
configure:7184: checking limits.h presence
configure:7199: gcc -E -I/usr/local/include conftest.c
configure:7206: $? = 0
configure:7220: result: yes
configure:7253: checking for limits.h
configure:7262: result: yes
configure:7142: checking locale.h usability
configure:7159: gcc -c -g -O2 -I/usr/local/include conftest.c >&5
configure:7166: $? = 0
configure:7180: result: yes
configure:7184: checking locale.h presence
configure:7199: gcc -E -I/usr/local/include conftest.c
configure:7206: $? = 0
configure:7220: result: yes
configure:7253: checking for locale.h
configure:7262: result: yes
configure:7142: checking netdb.h usability
configure:7159: gcc -c -g -O2 -I/usr/local/include conftest.c >&5
configure:7166: $? = 0
configure:7180: result: yes
configure:7184: checking netdb.h presence
configure:7199: gcc -E -I/usr/local/include conftest.c
configure:7206: $? = 0
configure:7220: result: yes
configure:7253: checking for netdb.h
configure:7262: result: yes
configure:7142: checking netinet/in.h usability
configure:7159: gcc -c -g -O2 -I/usr/local/include conftest.c >&5
configure:7166: $? = 0
configure:7180: result: yes
configure:7184: checking netinet/in.h presence
configure:7199: gcc -E -I/usr/local/include conftest.c
configure:7206: $? = 0
configure:7220: result: yes
configure:7253: checking for netinet/in.h
configure:7262: result: yes
configure:7142: checking stdarg.h usability
configure:7159: gcc -c -g -O2 -I/usr/local/include conftest.c >&5
configure:7166: $? = 0
configure:7180: result: yes
configure:7184: checking stdarg.h presence
configure:7199: gcc -E -I/usr/local/include conftest.c
configure:7206: $? = 0
configure:7220: result: yes
configure:7253: checking for stdarg.h
configure:7262: result: yes
configure:7131: checking for stdlib.h
configure:7138: result: yes
configure:7131: checking for string.h
configure:7138: result: yes
configure:7142: checking sys/file.h usability
configure:7159: gcc -c -g -O2 -I/usr/local/include conftest.c >&5
configure:7166: $? = 0
configure:7180: result: yes
configure:7184: checking sys/file.h presence
configure:7199: gcc -E -I/usr/local/include conftest.c
configure:7206: $? = 0
configure:7220: result: yes
configure:7253: checking for sys/file.h
configure:7262: result: yes
configure:7142: checking sys/ioctl.h usability
configure:7159: gcc -c -g -O2 -I/usr/local/include conftest.c >&5
configure:7166: $? = 0
configure:7180: result: yes
configure:7184: checking sys/ioctl.h presence
configure:7199: gcc -E -I/usr/local/include conftest.c
configure:7206: $? = 0
configure:7220: result: yes
configure:7253: checking for sys/ioctl.h
configure:7262: result: yes
configure:7142: checking sys/param.h usability
configure:7159: gcc -c -g -O2 -I/usr/local/include conftest.c >&5
configure:7166: $? = 0
configure:7180: result: yes
configure:7184: checking sys/param.h presence
configure:7199: gcc -E -I/usr/local/include conftest.c
configure:7206: $? = 0
configure:7220: result: yes
configure:7253: checking for sys/param.h
configure:7262: result: yes
configure:7142: checking sys/socket.h usability
configure:7159: gcc -c -g -O2 -I/usr/local/include conftest.c >&5
configure:7166: $? = 0
configure:7180: result: yes
configure:7184: checking sys/socket.h presence
configure:7199: gcc -E -I/usr/local/include conftest.c
configure:7206: $? = 0
configure:7220: result: yes
configure:7253: checking for sys/socket.h
configure:7262: result: yes
configure:7142: checking sys/time.h usability
configure:7159: gcc -c -g -O2 -I/usr/local/include conftest.c >&5
configure:7166: $? = 0
configure:7180: result: yes
configure:7184: checking sys/time.h presence
configure:7199: gcc -E -I/usr/local/include conftest.c
configure:7206: $? = 0
configure:7220: result: yes
configure:7253: checking for sys/time.h
configure:7262: result: yes
configure:7131: checking for unistd.h
configure:7138: result: yes
configure:7278: checking for an ANSI C-conforming const
configure:7353: gcc -c -g -O2 -I/usr/local/include conftest.c >&5
configure:7360: $? = 0
configure:7375: result: yes
configure:7385: checking for uid_t in sys/types.h
configure:7408: result: yes
configure:7423: checking for inline
configure:7449: gcc -c -g -O2 -I/usr/local/include conftest.c >&5
configure:7456: $? = 0
configure:7474: result: inline
configure:7493: checking for size_t
configure:7521: gcc -c -g -O2 -I/usr/local/include conftest.c >&5
configure:7528: $? = 0
configure:7555: gcc -c -g -O2 -I/usr/local/include conftest.c >&5
conftest.c:86:21: error: expected expression
if (sizeof ((size_t)))
                    ^
1 error generated.
configure:7562: $? = 1
configure: failed program was:
| /* confdefs.h.  */
| #define PACKAGE_NAME "typespeed"
| #define PACKAGE_TARNAME "typespeed"
| #define PACKAGE_VERSION "0.6.5"
| #define PACKAGE_STRING "typespeed 0.6.5"
| #define PACKAGE_BUGREPORT "tobias@bugol.de"
| #define PACKAGE "typespeed"
| #define VERSION "0.6.5"
| #define STDC_HEADERS 1
| #define HAVE_SYS_TYPES_H 1
| #define HAVE_SYS_STAT_H 1
| #define HAVE_STDLIB_H 1
| #define HAVE_STRING_H 1
| #define HAVE_MEMORY_H 1
| #define HAVE_STRINGS_H 1
| #define HAVE_INTTYPES_H 1
| #define HAVE_STDINT_H 1
| #define HAVE_UNISTD_H 1
| #define __EXTENSIONS__ 1
| #define _ALL_SOURCE 1
| #define _GNU_SOURCE 1
| #define _POSIX_PTHREAD_SEMANTICS 1
| #define _TANDEM_SOURCE 1
| #define HAVE_LIBNCURSES 1
| #define HAVE_CFPREFERENCESCOPYAPPVALUE 1
| #define HAVE_CFLOCALECOPYCURRENT 1
| #define HAVE_ICONV 1
| #define ENABLE_NLS 1
| #define HAVE_GETTEXT 1
| #define HAVE_DCGETTEXT 1
| #define HAVE_DIRENT_H 1
| #define STDC_HEADERS 1
| #define HAVE_ARPA_INET_H 1
| #define HAVE_FCNTL_H 1
| #define HAVE_LIBINTL_H 1
| #define HAVE_LIMITS_H 1
| #define HAVE_LOCALE_H 1
| #define HAVE_NETDB_H 1
| #define HAVE_NETINET_IN_H 1
| #define HAVE_STDARG_H 1
| #define HAVE_STDLIB_H 1
| #define HAVE_STRING_H 1
| #define HAVE_SYS_FILE_H 1
| #define HAVE_SYS_IOCTL_H 1
| #define HAVE_SYS_PARAM_H 1
| #define HAVE_SYS_SOCKET_H 1
| #define HAVE_SYS_TIME_H 1
| #define HAVE_UNISTD_H 1
| /* end confdefs.h.  */
| #include <stdio.h>
| #ifdef HAVE_SYS_TYPES_H
| # include <sys/types.h>
| #endif
| #ifdef HAVE_SYS_STAT_H
| # include <sys/stat.h>
| #endif
| #ifdef STDC_HEADERS
| # include <stdlib.h>
| # include <stddef.h>
| #else
| # ifdef HAVE_STDLIB_H
| #  include <stdlib.h>
| # endif
| #endif
| #ifdef HAVE_STRING_H
| # if !defined STDC_HEADERS && defined HAVE_MEMORY_H
| #  include <memory.h>
| # endif
| # include <string.h>
| #endif
| #ifdef HAVE_STRINGS_H
| # include <strings.h>
| #endif
| #ifdef HAVE_INTTYPES_H
| # include <inttypes.h>
| #endif
| #ifdef HAVE_STDINT_H
| # include <stdint.h>
| #endif
| #ifdef HAVE_UNISTD_H
| # include <unistd.h>
| #endif
| int
| main ()
| {
| if (sizeof ((size_t)))
| 	  return 0;
|   ;
|   return 0;
| }
configure:7585: result: yes
configure:7597: checking whether time.h and sys/time.h may both be included
configure:7627: gcc -c -g -O2 -I/usr/local/include conftest.c >&5
configure:7634: $? = 0
configure:7649: result: yes
configure:7661: checking whether closedir returns void
configure:7695: gcc -o conftest -g -O2 -I/usr/local/include  conftest.c -lncurses  >&5
configure:7699: $? = 0
configure:7705: ./conftest
configure:7709: $? = 0
configure:7726: result: no
configure:7737: checking whether gcc needs -traditional
conftest.c:51:10: fatal error: 'termio.h' file not found
#include <termio.h>
         ^~~~~~~~~~
1 error generated.
configure:7779: result: no
configure:7791: checking for stdlib.h
configure:7798: result: yes
configure:7936: checking for GNU libc compatible malloc
configure:7970: gcc -o conftest -g -O2 -I/usr/local/include  conftest.c -lncurses  >&5
configure:7974: $? = 0
configure:7980: ./conftest
configure:7984: $? = 0
configure:8001: result: yes
configure:8034: checking for stdlib.h
configure:8041: result: yes
configure:8179: checking for GNU libc compatible realloc
configure:8213: gcc -o conftest -g -O2 -I/usr/local/include  conftest.c -lncurses  >&5
configure:8217: $? = 0
configure:8223: ./conftest
configure:8227: $? = 0
configure:8244: result: yes
configure:8272: checking whether lstat dereferences a symlink specified with a trailing slash
configure:8308: gcc -o conftest -g -O2 -I/usr/local/include  conftest.c -lncurses  >&5
configure:8312: $? = 0
configure:8318: ./conftest
configure:8322: $? = 1
configure: program exited with status 1
configure: failed program was:
| /* confdefs.h.  */
| #define PACKAGE_NAME "typespeed"
| #define PACKAGE_TARNAME "typespeed"
| #define PACKAGE_VERSION "0.6.5"
| #define PACKAGE_STRING "typespeed 0.6.5"
| #define PACKAGE_BUGREPORT "tobias@bugol.de"
| #define PACKAGE "typespeed"
| #define VERSION "0.6.5"
| #define STDC_HEADERS 1
| #define HAVE_SYS_TYPES_H 1
| #define HAVE_SYS_STAT_H 1
| #define HAVE_STDLIB_H 1
| #define HAVE_STRING_H 1
| #define HAVE_MEMORY_H 1
| #define HAVE_STRINGS_H 1
| #define HAVE_INTTYPES_H 1
| #define HAVE_STDINT_H 1
| #define HAVE_UNISTD_H 1
| #define __EXTENSIONS__ 1
| #define _ALL_SOURCE 1
| #define _GNU_SOURCE 1
| #define _POSIX_PTHREAD_SEMANTICS 1
| #define _TANDEM_SOURCE 1
| #define HAVE_LIBNCURSES 1
| #define HAVE_CFPREFERENCESCOPYAPPVALUE 1
| #define HAVE_CFLOCALECOPYCURRENT 1
| #define HAVE_ICONV 1
| #define ENABLE_NLS 1
| #define HAVE_GETTEXT 1
| #define HAVE_DCGETTEXT 1
| #define HAVE_DIRENT_H 1
| #define STDC_HEADERS 1
| #define HAVE_ARPA_INET_H 1
| #define HAVE_FCNTL_H 1
| #define HAVE_LIBINTL_H 1
| #define HAVE_LIMITS_H 1
| #define HAVE_LOCALE_H 1
| #define HAVE_NETDB_H 1
| #define HAVE_NETINET_IN_H 1
| #define HAVE_STDARG_H 1
| #define HAVE_STDLIB_H 1
| #define HAVE_STRING_H 1
| #define HAVE_SYS_FILE_H 1
| #define HAVE_SYS_IOCTL_H 1
| #define HAVE_SYS_PARAM_H 1
| #define HAVE_SYS_SOCKET_H 1
| #define HAVE_SYS_TIME_H 1
| #define HAVE_UNISTD_H 1
| #define TIME_WITH_SYS_TIME 1
| #define HAVE_STDLIB_H 1
| #define HAVE_MALLOC 1
| #define HAVE_STDLIB_H 1
| #define HAVE_REALLOC 1
| /* end confdefs.h.  */
| #include <stdio.h>
| #ifdef HAVE_SYS_TYPES_H
| # include <sys/types.h>
| #endif
| #ifdef HAVE_SYS_STAT_H
| # include <sys/stat.h>
| #endif
| #ifdef STDC_HEADERS
| # include <stdlib.h>
| # include <stddef.h>
| #else
| # ifdef HAVE_STDLIB_H
| #  include <stdlib.h>
| # endif
| #endif
| #ifdef HAVE_STRING_H
| # if !defined STDC_HEADERS && defined HAVE_MEMORY_H
| #  include <memory.h>
| # endif
| # include <string.h>
| #endif
| #ifdef HAVE_STRINGS_H
| # include <strings.h>
| #endif
| #ifdef HAVE_INTTYPES_H
| # include <inttypes.h>
| #endif
| #ifdef HAVE_STDINT_H
| # include <stdint.h>
| #endif
| #ifdef HAVE_UNISTD_H
| # include <unistd.h>
| #endif
| int
| main ()
| {
| struct stat sbuf;
|      /* Linux will dereference the symlink and fail.
| 	That is better in the sense that it means we will not
| 	have to compile and use the lstat wrapper.  */
|      return lstat ("conftest.sym/", &sbuf) == 0;
|   ;
|   return 0;
| }
configure:8346: result: no
configure:8365: checking whether stat accepts an empty string
configure:8395: gcc -o conftest -g -O2 -I/usr/local/include  conftest.c -lncurses  >&5
configure:8399: $? = 0
configure:8405: ./conftest
configure:8409: $? = 0
configure:8426: result: no
configure:8446: checking for vprintf
configure:8502: gcc -o conftest -g -O2 -I/usr/local/include  conftest.c -lncurses  >&5
conftest.c:78:6: warning: incompatible redeclaration of library function 'vprintf' [-Wincompatible-library-redeclaration]
char vprintf ();
     ^
conftest.c:78:6: note: 'vprintf' is a builtin with type 'int (const char *, struct __va_list_tag *)'
1 warning generated.
configure:8509: $? = 0
configure:8531: result: yes
configure:8539: checking for _doprnt
configure:8595: gcc -o conftest -g -O2 -I/usr/local/include  conftest.c -lncurses  >&5
Undefined symbols for architecture x86_64:
  "__doprnt", referenced from:
      _main in conftest-3f0773.o
ld: symbol(s) not found for architecture x86_64
clang: error: linker command failed with exit code 1 (use -v to see invocation)
configure:8602: $? = 1
configure: failed program was:
| /* confdefs.h.  */
| #define PACKAGE_NAME "typespeed"
| #define PACKAGE_TARNAME "typespeed"
| #define PACKAGE_VERSION "0.6.5"
| #define PACKAGE_STRING "typespeed 0.6.5"
| #define PACKAGE_BUGREPORT "tobias@bugol.de"
| #define PACKAGE "typespeed"
| #define VERSION "0.6.5"
| #define STDC_HEADERS 1
| #define HAVE_SYS_TYPES_H 1
| #define HAVE_SYS_STAT_H 1
| #define HAVE_STDLIB_H 1
| #define HAVE_STRING_H 1
| #define HAVE_MEMORY_H 1
| #define HAVE_STRINGS_H 1
| #define HAVE_INTTYPES_H 1
| #define HAVE_STDINT_H 1
| #define HAVE_UNISTD_H 1
| #define __EXTENSIONS__ 1
| #define _ALL_SOURCE 1
| #define _GNU_SOURCE 1
| #define _POSIX_PTHREAD_SEMANTICS 1
| #define _TANDEM_SOURCE 1
| #define HAVE_LIBNCURSES 1
| #define HAVE_CFPREFERENCESCOPYAPPVALUE 1
| #define HAVE_CFLOCALECOPYCURRENT 1
| #define HAVE_ICONV 1
| #define ENABLE_NLS 1
| #define HAVE_GETTEXT 1
| #define HAVE_DCGETTEXT 1
| #define HAVE_DIRENT_H 1
| #define STDC_HEADERS 1
| #define HAVE_ARPA_INET_H 1
| #define HAVE_FCNTL_H 1
| #define HAVE_LIBINTL_H 1
| #define HAVE_LIMITS_H 1
| #define HAVE_LOCALE_H 1
| #define HAVE_NETDB_H 1
| #define HAVE_NETINET_IN_H 1
| #define HAVE_STDARG_H 1
| #define HAVE_STDLIB_H 1
| #define HAVE_STRING_H 1
| #define HAVE_SYS_FILE_H 1
| #define HAVE_SYS_IOCTL_H 1
| #define HAVE_SYS_PARAM_H 1
| #define HAVE_SYS_SOCKET_H 1
| #define HAVE_SYS_TIME_H 1
| #define HAVE_UNISTD_H 1
| #define TIME_WITH_SYS_TIME 1
| #define HAVE_STDLIB_H 1
| #define HAVE_MALLOC 1
| #define HAVE_STDLIB_H 1
| #define HAVE_REALLOC 1
| #define HAVE_VPRINTF 1
| /* end confdefs.h.  */
| /* Define _doprnt to an innocuous variant, in case <limits.h> declares _doprnt.
|    For example, HP-UX 11i <limits.h> declares gettimeofday.  */
| #define _doprnt innocuous__doprnt
| 
| /* System header to define __stub macros and hopefully few prototypes,
|     which can conflict with char _doprnt (); below.
|     Prefer <limits.h> to <assert.h> if __STDC__ is defined, since
|     <limits.h> exists even on freestanding compilers.  */
| 
| #ifdef __STDC__
| # include <limits.h>
| #else
| # include <assert.h>
| #endif
| 
| #undef _doprnt
| 
| /* Override any GCC internal prototype to avoid an error.
|    Use char because int might match the return type of a GCC
|    builtin and then its argument prototype would still apply.  */
| #ifdef __cplusplus
| extern "C"
| #endif
| char _doprnt ();
| /* The GNU C library defines this for functions which it implements
|     to always fail with ENOSYS.  Some functions are actually named
|     something starting with __ and the normal name is an alias.  */
| #if defined __stub__doprnt || defined __stub____doprnt
| choke me
| #endif
| 
| int
| main ()
| {
| return _doprnt ();
|   ;
|   return 0;
| }
configure:8622: result: no
configure:8653: checking for gethostbyname
configure:8709: gcc -o conftest -g -O2 -I/usr/local/include  conftest.c -lncurses  >&5
configure:8716: $? = 0
configure:8738: result: yes
configure:8653: checking for gettimeofday
configure:8709: gcc -o conftest -g -O2 -I/usr/local/include  conftest.c -lncurses  >&5
configure:8716: $? = 0
configure:8738: result: yes
configure:8653: checking for inet_ntoa
configure:8709: gcc -o conftest -g -O2 -I/usr/local/include  conftest.c -lncurses  >&5
configure:8716: $? = 0
configure:8738: result: yes
configure:8653: checking for memset
configure:8709: gcc -o conftest -g -O2 -I/usr/local/include  conftest.c -lncurses  >&5
conftest.c:82:6: warning: incompatible redeclaration of library function 'memset' [-Wincompatible-library-redeclaration]
char memset ();
     ^
conftest.c:82:6: note: 'memset' is a builtin with type 'void *(void *, int, unsigned long)'
1 warning generated.
configure:8716: $? = 0
configure:8738: result: yes
configure:8653: checking for setlocale
configure:8709: gcc -o conftest -g -O2 -I/usr/local/include  conftest.c -lncurses  >&5
configure:8716: $? = 0
configure:8738: result: yes
configure:8653: checking for setregid
configure:8709: gcc -o conftest -g -O2 -I/usr/local/include  conftest.c -lncurses  >&5
configure:8716: $? = 0
configure:8738: result: yes
configure:8653: checking for setresgid
configure:8709: gcc -o conftest -g -O2 -I/usr/local/include  conftest.c -lncurses  >&5
Undefined symbols for architecture x86_64:
  "_setresgid", referenced from:
      _main in conftest-bb2931.o
ld: symbol(s) not found for architecture x86_64
clang: error: linker command failed with exit code 1 (use -v to see invocation)
configure:8716: $? = 1
configure: failed program was:
| /* confdefs.h.  */
| #define PACKAGE_NAME "typespeed"
| #define PACKAGE_TARNAME "typespeed"
| #define PACKAGE_VERSION "0.6.5"
| #define PACKAGE_STRING "typespeed 0.6.5"
| #define PACKAGE_BUGREPORT "tobias@bugol.de"
| #define PACKAGE "typespeed"
| #define VERSION "0.6.5"
| #define STDC_HEADERS 1
| #define HAVE_SYS_TYPES_H 1
| #define HAVE_SYS_STAT_H 1
| #define HAVE_STDLIB_H 1
| #define HAVE_STRING_H 1
| #define HAVE_MEMORY_H 1
| #define HAVE_STRINGS_H 1
| #define HAVE_INTTYPES_H 1
| #define HAVE_STDINT_H 1
| #define HAVE_UNISTD_H 1
| #define __EXTENSIONS__ 1
| #define _ALL_SOURCE 1
| #define _GNU_SOURCE 1
| #define _POSIX_PTHREAD_SEMANTICS 1
| #define _TANDEM_SOURCE 1
| #define HAVE_LIBNCURSES 1
| #define HAVE_CFPREFERENCESCOPYAPPVALUE 1
| #define HAVE_CFLOCALECOPYCURRENT 1
| #define HAVE_ICONV 1
| #define ENABLE_NLS 1
| #define HAVE_GETTEXT 1
| #define HAVE_DCGETTEXT 1
| #define HAVE_DIRENT_H 1
| #define STDC_HEADERS 1
| #define HAVE_ARPA_INET_H 1
| #define HAVE_FCNTL_H 1
| #define HAVE_LIBINTL_H 1
| #define HAVE_LIMITS_H 1
| #define HAVE_LOCALE_H 1
| #define HAVE_NETDB_H 1
| #define HAVE_NETINET_IN_H 1
| #define HAVE_STDARG_H 1
| #define HAVE_STDLIB_H 1
| #define HAVE_STRING_H 1
| #define HAVE_SYS_FILE_H 1
| #define HAVE_SYS_IOCTL_H 1
| #define HAVE_SYS_PARAM_H 1
| #define HAVE_SYS_SOCKET_H 1
| #define HAVE_SYS_TIME_H 1
| #define HAVE_UNISTD_H 1
| #define TIME_WITH_SYS_TIME 1
| #define HAVE_STDLIB_H 1
| #define HAVE_MALLOC 1
| #define HAVE_STDLIB_H 1
| #define HAVE_REALLOC 1
| #define HAVE_VPRINTF 1
| #define HAVE_GETHOSTBYNAME 1
| #define HAVE_GETTIMEOFDAY 1
| #define HAVE_INET_NTOA 1
| #define HAVE_MEMSET 1
| #define HAVE_SETLOCALE 1
| #define HAVE_SETREGID 1
| /* end confdefs.h.  */
| /* Define setresgid to an innocuous variant, in case <limits.h> declares setresgid.
|    For example, HP-UX 11i <limits.h> declares gettimeofday.  */
| #define setresgid innocuous_setresgid
| 
| /* System header to define __stub macros and hopefully few prototypes,
|     which can conflict with char setresgid (); below.
|     Prefer <limits.h> to <assert.h> if __STDC__ is defined, since
|     <limits.h> exists even on freestanding compilers.  */
| 
| #ifdef __STDC__
| # include <limits.h>
| #else
| # include <assert.h>
| #endif
| 
| #undef setresgid
| 
| /* Override any GCC internal prototype to avoid an error.
|    Use char because int might match the return type of a GCC
|    builtin and then its argument prototype would still apply.  */
| #ifdef __cplusplus
| extern "C"
| #endif
| char setresgid ();
| /* The GNU C library defines this for functions which it implements
|     to always fail with ENOSYS.  Some functions are actually named
|     something starting with __ and the normal name is an alias.  */
| #if defined __stub_setresgid || defined __stub___setresgid
| choke me
| #endif
| 
| int
| main ()
| {
| return setresgid ();
|   ;
|   return 0;
| }
configure:8738: result: no
configure:8653: checking for socket
configure:8709: gcc -o conftest -g -O2 -I/usr/local/include  conftest.c -lncurses  >&5
configure:8716: $? = 0
configure:8738: result: yes
configure:8653: checking for strchr
configure:8709: gcc -o conftest -g -O2 -I/usr/local/include  conftest.c -lncurses  >&5
conftest.c:86:6: warning: incompatible redeclaration of library function 'strchr' [-Wincompatible-library-redeclaration]
char strchr ();
     ^
conftest.c:86:6: note: 'strchr' is a builtin with type 'char *(const char *, int)'
1 warning generated.
configure:8716: $? = 0
configure:8738: result: yes
configure:8653: checking for strdup
configure:8709: gcc -o conftest -g -O2 -I/usr/local/include  conftest.c -lncurses  >&5
conftest.c:87:6: warning: incompatible redeclaration of library function 'strdup' [-Wincompatible-library-redeclaration]
char strdup ();
     ^
conftest.c:87:6: note: 'strdup' is a builtin with type 'char *(const char *)'
1 warning generated.
configure:8716: $? = 0
configure:8738: result: yes
configure:8653: checking for strerror
configure:8709: gcc -o conftest -g -O2 -I/usr/local/include  conftest.c -lncurses  >&5
conftest.c:88:6: warning: incompatible redeclaration of library function 'strerror' [-Wincompatible-library-redeclaration]
char strerror ();
     ^
conftest.c:88:6: note: 'strerror' is a builtin with type 'char *(int)'
1 warning generated.
configure:8716: $? = 0
configure:8738: result: yes
configure:8653: checking for strrchr
configure:8709: gcc -o conftest -g -O2 -I/usr/local/include  conftest.c -lncurses  >&5
conftest.c:89:6: warning: incompatible redeclaration of library function 'strrchr' [-Wincompatible-library-redeclaration]
char strrchr ();
     ^
conftest.c:89:6: note: 'strrchr' is a builtin with type 'char *(const char *, int)'
1 warning generated.
configure:8716: $? = 0
configure:8738: result: yes
configure:8653: checking for strstr
configure:8709: gcc -o conftest -g -O2 -I/usr/local/include  conftest.c -lncurses  >&5
conftest.c:90:6: warning: incompatible redeclaration of library function 'strstr' [-Wincompatible-library-redeclaration]
char strstr ();
     ^
conftest.c:90:6: note: 'strstr' is a builtin with type 'char *(const char *, const char *)'
1 warning generated.
configure:8716: $? = 0
configure:8738: result: yes
configure:8653: checking for strtol
configure:8709: gcc -o conftest -g -O2 -I/usr/local/include  conftest.c -lncurses  >&5
conftest.c:91:6: warning: incompatible redeclaration of library function 'strtol' [-Wincompatible-library-redeclaration]
char strtol ();
     ^
conftest.c:91:6: note: 'strtol' is a builtin with type 'long (const char *, char **, int)'
1 warning generated.
configure:8716: $? = 0
configure:8738: result: yes
configure:8884: creating ./config.status

## ---------------------- ##
## Running config.status. ##
## ---------------------- ##

This file was extended by typespeed config.status 0.6.5, which was
generated by GNU Autoconf 2.62.  Invocation command line was

  CONFIG_FILES    = 
  CONFIG_HEADERS  = 
  CONFIG_LINKS    = 
  CONFIG_COMMANDS = 
  $ ./config.status 

on xusr

config.status:857: creating Makefile
config.status:857: creating doc/Makefile
config.status:857: creating etc/Makefile
config.status:857: creating man/Makefile
config.status:857: creating po/Makefile.in
config.status:857: creating rules/Makefile
config.status:857: creating src/Makefile
config.status:857: creating testsuite/Makefile
config.status:857: creating words/Makefile
config.status:857: creating config.h
config.status:1131: executing depfiles commands
config.status:1131: executing po-directories commands

## ---------------- ##
## Cache variables. ##
## ---------------- ##

ac_cv_build=i386-apple-darwin21.6.0
ac_cv_c_compiler_gnu=yes
ac_cv_c_const=yes
ac_cv_c_inline=inline
ac_cv_env_CC_set=
ac_cv_env_CC_value=
ac_cv_env_CFLAGS_set=
ac_cv_env_CFLAGS_value=
ac_cv_env_CPPFLAGS_set=
ac_cv_env_CPPFLAGS_value=
ac_cv_env_CPP_set=
ac_cv_env_CPP_value=
ac_cv_env_LDFLAGS_set=
ac_cv_env_LDFLAGS_value=
ac_cv_env_LIBS_set=
ac_cv_env_LIBS_value=
ac_cv_env_build_alias_set=
ac_cv_env_build_alias_value=
ac_cv_env_host_alias_set=
ac_cv_env_host_alias_value=
ac_cv_env_target_alias_set=
ac_cv_env_target_alias_value=
ac_cv_func__doprnt=no
ac_cv_func_closedir_void=no
ac_cv_func_gethostbyname=yes
ac_cv_func_gettimeofday=yes
ac_cv_func_inet_ntoa=yes
ac_cv_func_lstat_dereferences_slashed_symlink=no
ac_cv_func_malloc_0_nonnull=yes
ac_cv_func_memset=yes
ac_cv_func_realloc_0_nonnull=yes
ac_cv_func_setlocale=yes
ac_cv_func_setregid=yes
ac_cv_func_setresgid=no
ac_cv_func_socket=yes
ac_cv_func_stat_empty_string_bug=no
ac_cv_func_strchr=yes
ac_cv_func_strdup=yes
ac_cv_func_strerror=yes
ac_cv_func_strrchr=yes
ac_cv_func_strstr=yes
ac_cv_func_strtol=yes
ac_cv_func_vprintf=yes
ac_cv_header_arpa_inet_h=yes
ac_cv_header_bits_posix1_lim_h=no
ac_cv_header_dirent_dirent_h=yes
ac_cv_header_fcntl_h=yes
ac_cv_header_inttypes_h=yes
ac_cv_header_libintl_h=yes
ac_cv_header_limits_h=yes
ac_cv_header_locale_h=yes
ac_cv_header_memory_h=yes
ac_cv_header_minix_config_h=no
ac_cv_header_netdb_h=yes
ac_cv_header_netinet_in_h=yes
ac_cv_header_stdarg_h=yes
ac_cv_header_stdc=yes
ac_cv_header_stdint_h=yes
ac_cv_header_stdlib_h=yes
ac_cv_header_string_h=yes
ac_cv_header_strings_h=yes
ac_cv_header_sys_file_h=yes
ac_cv_header_sys_ioctl_h=yes
ac_cv_header_sys_param_h=yes
ac_cv_header_sys_socket_h=yes
ac_cv_header_sys_stat_h=yes
ac_cv_header_sys_time_h=yes
ac_cv_header_sys_types_h=yes
ac_cv_header_time=yes
ac_cv_header_unistd_h=yes
ac_cv_host=i386-apple-darwin21.6.0
ac_cv_lib_ncurses_initscr=yes
ac_cv_objext=o
ac_cv_path_EGREP='/usr/local/bin/ggrep -E'
ac_cv_path_GMSGFMT=/usr/local/bin/msgfmt
ac_cv_path_GREP=/usr/local/bin/ggrep
ac_cv_path_MSGFMT=/usr/local/bin/msgfmt
ac_cv_path_MSGMERGE=/usr/local/bin/msgmerge
ac_cv_path_XGETTEXT=/usr/local/bin/xgettext
ac_cv_path_install='/usr/local/bin/ginstall -c'
ac_cv_path_mkdir=/usr/local/bin/gmkdir
ac_cv_prog_AWK=awk
ac_cv_prog_CPP='gcc -E'
ac_cv_prog_ac_ct_CC=gcc
ac_cv_prog_cc_c89=
ac_cv_prog_cc_g=yes
ac_cv_prog_cc_gcc_c_o=yes
ac_cv_prog_gcc_traditional=no
ac_cv_prog_make_make_set=yes
ac_cv_safe_to_define___extensions__=yes
ac_cv_search_opendir='none required'
ac_cv_type_size_t=yes
ac_cv_type_uid_t=yes
acl_cv_hardcode_direct=no
acl_cv_hardcode_libdir_flag_spec=
acl_cv_hardcode_libdir_separator=
acl_cv_hardcode_minus_L=no
acl_cv_libext=a
acl_cv_path_LD=/Library/Developer/CommandLineTools/usr/bin/ld
acl_cv_prog_gnu_ld=no
acl_cv_rpath=done
acl_cv_shlibext=dylib
acl_cv_wl=-Wl,
am_cv_CC_dependencies_compiler_type=gcc3
am_cv_func_iconv=yes
am_cv_lib_iconv=yes
gt_cv_func_CFLocaleCopyCurrent=yes
gt_cv_func_CFPreferencesCopyAppValue=yes
gt_cv_func_gnugettext1_libc=no
gt_cv_func_gnugettext1_libintl=yes

## ----------------- ##
## Output variables. ##
## ----------------- ##

ACLOCAL='${SHELL} /Users/xusr/projects/typespeed/missing --run aclocal-1.10'
AMDEPBACKSLASH='\'
AMDEP_FALSE='#'
AMDEP_TRUE=''
AMTAR='${SHELL} /Users/xusr/projects/typespeed/missing --run tar'
AUTOCONF='${SHELL} /Users/xusr/projects/typespeed/missing --run autoconf'
AUTOHEADER='${SHELL} /Users/xusr/projects/typespeed/missing --run autoheader'
AUTOMAKE='${SHELL} /Users/xusr/projects/typespeed/missing --run automake-1.10'
AWK='awk'
CC='gcc'
CCDEPMODE='depmode=gcc3'
CFLAGS='-g -O2'
CPP='gcc -E'
CPPFLAGS='-I/usr/local/include'
CYGPATH_W='echo'
DEFS='-DHAVE_CONFIG_H'
DEPDIR='.deps'
ECHO_C='\c'
ECHO_N=''
ECHO_T=''
EGREP='/usr/local/bin/ggrep -E'
EXEEXT=''
GMSGFMT='/usr/local/bin/msgfmt'
GMSGFMT_015='/usr/local/bin/msgfmt'
GREP='/usr/local/bin/ggrep'
INSTALL_DATA='${INSTALL} -m 644'
INSTALL_PROGRAM='${INSTALL}'
INSTALL_SCRIPT='${INSTALL}'
INSTALL_STRIP_PROGRAM='$(install_sh) -c -s'
INTLLIBS='-L/usr/local/lib -lintl -Wl,-framework -Wl,CoreFoundation'
INTL_MACOSX_LIBS='-Wl,-framework -Wl,CoreFoundation'
LDFLAGS=''
LIBICONV='-liconv'
LIBINTL='-L/usr/local/lib -lintl -Wl,-framework -Wl,CoreFoundation'
LIBOBJS=' ${LIBOBJDIR}lstat$U.o'
LIBS='-lncurses '
LTLIBICONV='-liconv'
LTLIBINTL='-L/usr/local/lib -lintl -R/usr/local/lib -Wl,-framework -Wl,CoreFoundation'
LTLIBOBJS=' ${LIBOBJDIR}lstat$U.lo'
MAKEINFO='${SHELL} /Users/xusr/projects/typespeed/missing --run makeinfo'
MKDIR_P='/usr/local/bin/gmkdir -p'
MSGFMT='/usr/local/bin/msgfmt'
MSGFMT_015='/usr/local/bin/msgfmt'
MSGMERGE='/usr/local/bin/msgmerge'
OBJEXT='o'
PACKAGE='typespeed'
PACKAGE_BUGREPORT='tobias@bugol.de'
PACKAGE_NAME='typespeed'
PACKAGE_STRING='typespeed 0.6.5'
PACKAGE_TARNAME='typespeed'
PACKAGE_VERSION='0.6.5'
PATH_SEPARATOR=':'
POSUB='po'
SET_MAKE=''
SHELL='/bin/sh'
STRIP=''
USE_NLS='yes'
VERSION='0.6.5'
XGETTEXT='/usr/local/bin/xgettext'
XGETTEXT_015='/usr/local/bin/xgettext'
ac_ct_CC='gcc'
am__fastdepCC_FALSE='#'
am__fastdepCC_TRUE=''
am__include='include'
am__isrc=''
am__leading_dot='.'
am__quote=''
am__tar='${AMTAR} chof - "$$tardir"'
am__untar='${AMTAR} xf -'
bindir='${exec_prefix}/bin'
build='i386-apple-darwin21.6.0'
build_alias=''
build_cpu='i386'
build_os='darwin21.6.0'
build_vendor='apple'
datadir='${datarootdir}'
datarootdir='${prefix}/share'
docdir='${datarootdir}/doc/${PACKAGE_TARNAME}'
dvidir='${docdir}'
exec_prefix='${prefix}'
highscoredir='${prefix}/var/games'
host='i386-apple-darwin21.6.0'
host_alias=''
host_cpu='i386'
host_os='darwin21.6.0'
host_vendor='apple'
htmldir='${docdir}'
includedir='${prefix}/include'
infodir='${datarootdir}/info'
install_sh='$(SHELL) /Users/xusr/projects/typespeed/install-sh'
libdir='${exec_prefix}/lib'
libexecdir='${exec_prefix}/libexec'
localedir='${datarootdir}/locale'
localstatedir='${prefix}/var'
mandir='${datarootdir}/man'
mkdir_p='/usr/local/bin/gmkdir -p'
oldincludedir='/usr/include'
pdfdir='${docdir}'
prefix='/usr/local'
program_transform_name='s,x,x,'
psdir='${docdir}'
sbindir='${exec_prefix}/sbin'
sharedstatedir='${prefix}/com'
sysconfdir='${prefix}/etc'
target_alias=''

## ----------- ##
## confdefs.h. ##
## ----------- ##

#define PACKAGE_NAME "typespeed"
#define PACKAGE_TARNAME "typespeed"
#define PACKAGE_VERSION "0.6.5"
#define PACKAGE_STRING "typespeed 0.6.5"
#define PACKAGE_BUGREPORT "tobias@bugol.de"
#define PACKAGE "typespeed"
#define VERSION "0.6.5"
#define STDC_HEADERS 1
#define HAVE_SYS_TYPES_H 1
#define HAVE_SYS_STAT_H 1
#define HAVE_STDLIB_H 1
#define HAVE_STRING_H 1
#define HAVE_MEMORY_H 1
#define HAVE_STRINGS_H 1
#define HAVE_INTTYPES_H 1
#define HAVE_STDINT_H 1
#define HAVE_UNISTD_H 1
#define __EXTENSIONS__ 1
#define _ALL_SOURCE 1
#define _GNU_SOURCE 1
#define _POSIX_PTHREAD_SEMANTICS 1
#define _TANDEM_SOURCE 1
#define HAVE_LIBNCURSES 1
#define HAVE_CFPREFERENCESCOPYAPPVALUE 1
#define HAVE_CFLOCALECOPYCURRENT 1
#define HAVE_ICONV 1
#define ENABLE_NLS 1
#define HAVE_GETTEXT 1
#define HAVE_DCGETTEXT 1
#define HAVE_DIRENT_H 1
#define STDC_HEADERS 1
#define HAVE_ARPA_INET_H 1
#define HAVE_FCNTL_H 1
#define HAVE_LIBINTL_H 1
#define HAVE_LIMITS_H 1
#define HAVE_LOCALE_H 1
#define HAVE_NETDB_H 1
#define HAVE_NETINET_IN_H 1
#define HAVE_STDARG_H 1
#define HAVE_STDLIB_H 1
#define HAVE_STRING_H 1
#define HAVE_SYS_FILE_H 1
#define HAVE_SYS_IOCTL_H 1
#define HAVE_SYS_PARAM_H 1
#define HAVE_SYS_SOCKET_H 1
#define HAVE_SYS_TIME_H 1
#define HAVE_UNISTD_H 1
#define TIME_WITH_SYS_TIME 1
#define HAVE_STDLIB_H 1
#define HAVE_MALLOC 1
#define HAVE_STDLIB_H 1
#define HAVE_REALLOC 1
#define HAVE_VPRINTF 1
#define HAVE_GETHOSTBYNAME 1
#define HAVE_GETTIMEOFDAY 1
#define HAVE_INET_NTOA 1
#define HAVE_MEMSET 1
#define HAVE_SETLOCALE 1
#define HAVE_SETREGID 1
#define HAVE_SOCKET 1
#define HAVE_STRCHR 1
#define HAVE_STRDUP 1
#define HAVE_STRERROR 1
#define HAVE_STRRCHR 1
#define HAVE_STRSTR 1
#define HAVE_STRTOL 1

configure: exit 0
